<?xml version="1.0" encoding="UTF-8"?><testsuite errors="0" failures="1" name="Driver on-boarding" skipped="0" tests="1" time="21.16" timestamp="2019-10-28 11:05:54"><testcase name="Create new driver and driver on-boarding"><failure message="Update driver name error: {&quot;messages&quot;:&quot;Không tìm thấy dữ liệu&quot;,&quot;is_success&quot;:false,&quot;data&quot;:{&quot;errors&quot;:&quot;Couldn't find Driver with 'id'=0&quot;}} - STOP APP" type="java.lang.AssertionError">Update driver name error: {"messages":"Không tìm thấy dữ liệu","is_success":false,"data":{"errors":"Couldn't find Driver with 'id'=0"}} - STOP APP</failure><system-err>Update driver name error: {"messages":"Không tìm thấy dữ liệu","is_success":false,"data":{"errors":"Couldn't find Driver with 'id'=0"}} - STOP APP
lgv.automation.util.Log.errorAndStop(Log.java:30)
lgv.automation.steps.api.DriverSteps.updateName(DriverSteps.java:176)
lgv.automation.steps.api.DriverSteps.shouldBeAbleToUpdateName(DriverSteps.java:904)
lgv.automation.serenityCucumber.api.features.steps.driver.UpdateDriverInfo.driver_updates_name(UpdateDriverInfo.java:33)
✽."new" driver updates name = "Mai Thu Hai"(src/test/resources/features/api/smokeTests/driverOnboarding.feature:7)
</system-err></testcase></testsuite>